App/build/app/intermediates/manifest_merge_blame_file/debug/manifest-merger-blame-debug-report.txt
1<?xml version="1.0" encoding="utf-8"?>
2<manifest xmlns:android="http://schemas.android.com/apk/res/android"
3    package="com.deals.d2c"
4    android:versionCode="1"
5    android:versionName="0.1.0" >
6
7    <uses-sdk
8        android:minSdkVersion="21"
9        android:targetSdkVersion="35" />
10    <!--
11         The INTERNET permission is required for development. Specifically,
12         the Flutter tool needs it to communicate with the running application
13         to allow setting breakpoints, to provide hot reload, etc.
14    -->
15    <uses-permission android:name="android.permission.INTERNET" />
15-->src/debug/AndroidManifest.xml:6:5-66
15-->src/debug/AndroidManifest.xml:6:22-64
16    <!--
17     Required to query activities that can process text, see:
18         https://developer.android.com/training/package-visibility and
19         https://developer.android.com/reference/android/content/Intent#ACTION_PROCESS_TEXT.
20
21         In particular, this is used by the Flutter engine in io.flutter.plugin.text.ProcessTextPlugin.
22    -->
23    <queries>
23-->src/main/AndroidManifest.xml:39:5-44:15
24        <intent>
24-->src/main/AndroidManifest.xml:40:9-43:18
25            <action android:name="android.intent.action.PROCESS_TEXT" />
25-->src/main/AndroidManifest.xml:41:13-72
25-->src/main/AndroidManifest.xml:41:21-70
26
27            <data android:mimeType="text/plain" />
27-->src/main/AndroidManifest.xml:42:13-50
27-->src/main/AndroidManifest.xml:42:19-48
28        </intent>
29    </queries>
30
31    <uses-permission android:name="android.permission.ACCESS_NETWORK_STATE" />
31-->[:firebase_analytics] AndroidManifest.xml:7:5-79
31-->[:firebase_analytics] AndroidManifest.xml:7:22-76
32    <uses-permission android:name="android.permission.WAKE_LOCK" /> <!-- Permissions options for the `notification` group -->
32-->[:firebase_analytics] AndroidManifest.xml:9:5-68
32-->[:firebase_analytics] AndroidManifest.xml:9:22-65
33    <uses-permission android:name="android.permission.POST_NOTIFICATIONS" /> <!-- Create a unique permission for your app and use it so only your app can receive your OneSignal messages. -->
33-->[:firebase_messaging] AndroidManifest.xml:11:5-77
33-->[:firebase_messaging] AndroidManifest.xml:11:22-74
34    <permission
34-->[com.onesignal:notifications:5.1.26] AndroidManifest.xml:10:5-12:47
35        android:name="com.deals.d2c.permission.C2D_MESSAGE"
35-->[com.onesignal:notifications:5.1.26] AndroidManifest.xml:11:9-63
36        android:protectionLevel="signature" />
36-->[com.onesignal:notifications:5.1.26] AndroidManifest.xml:12:9-44
37
38    <uses-permission android:name="com.deals.d2c.permission.C2D_MESSAGE" /> <!-- c2dm RECEIVE are basic requirements for push messages through Google's FCM -->
38-->[com.onesignal:notifications:5.1.26] AndroidManifest.xml:14:5-79
38-->[com.onesignal:notifications:5.1.26] AndroidManifest.xml:14:22-76
39    <uses-permission android:name="com.google.android.c2dm.permission.RECEIVE" />
39-->[com.onesignal:notifications:5.1.26] AndroidManifest.xml:19:5-82
39-->[com.onesignal:notifications:5.1.26] AndroidManifest.xml:19:22-79
40    <!--
41 Required so the device vibrates on receiving a push notification.
42         Vibration settings of the device still apply.
43    -->
44    <uses-permission android:name="android.permission.VIBRATE" />
44-->[com.onesignal:notifications:5.1.26] AndroidManifest.xml:24:5-66
44-->[com.onesignal:notifications:5.1.26] AndroidManifest.xml:24:22-63
45    <!--
46 Use to restore notifications the user hasn't interacted with.
47     They could be missed notifications if the user reboots their device if this isn't in place.
48    -->
49    <uses-permission android:name="android.permission.RECEIVE_BOOT_COMPLETED" /> <!-- START: ShortcutBadger -->
49-->[com.onesignal:notifications:5.1.26] AndroidManifest.xml:29:5-81
49-->[com.onesignal:notifications:5.1.26] AndroidManifest.xml:29:22-78
50    <!-- Samsung -->
51    <uses-permission android:name="com.sec.android.provider.badge.permission.READ" />
51-->[com.onesignal:notifications:5.1.26] AndroidManifest.xml:31:5-86
51-->[com.onesignal:notifications:5.1.26] AndroidManifest.xml:31:22-83
52    <uses-permission android:name="com.sec.android.provider.badge.permission.WRITE" /> <!-- HTC -->
52-->[com.onesignal:notifications:5.1.26] AndroidManifest.xml:32:5-87
52-->[com.onesignal:notifications:5.1.26] AndroidManifest.xml:32:22-84
53    <uses-permission android:name="com.htc.launcher.permission.READ_SETTINGS" />
53-->[com.onesignal:notifications:5.1.26] AndroidManifest.xml:33:5-81
53-->[com.onesignal:notifications:5.1.26] AndroidManifest.xml:33:22-78
54    <uses-permission android:name="com.htc.launcher.permission.UPDATE_SHORTCUT" /> <!-- Sony -->
54-->[com.onesignal:notifications:5.1.26] AndroidManifest.xml:34:5-83
54-->[com.onesignal:notifications:5.1.26] AndroidManifest.xml:34:22-80
55    <uses-permission android:name="com.sonyericsson.home.permission.BROADCAST_BADGE" />
55-->[com.onesignal:notifications:5.1.26] AndroidManifest.xml:35:5-88
55-->[com.onesignal:notifications:5.1.26] AndroidManifest.xml:35:22-85
56    <uses-permission android:name="com.sonymobile.home.permission.PROVIDER_INSERT_BADGE" /> <!-- Apex -->
56-->[com.onesignal:notifications:5.1.26] AndroidManifest.xml:36:5-92
56-->[com.onesignal:notifications:5.1.26] AndroidManifest.xml:36:22-89
57    <uses-permission android:name="com.anddoes.launcher.permission.UPDATE_COUNT" /> <!-- Solid -->
57-->[com.onesignal:notifications:5.1.26] AndroidManifest.xml:37:5-84
57-->[com.onesignal:notifications:5.1.26] AndroidManifest.xml:37:22-81
58    <uses-permission android:name="com.majeur.launcher.permission.UPDATE_BADGE" /> <!-- Huawei -->
58-->[com.onesignal:notifications:5.1.26] AndroidManifest.xml:38:5-83
58-->[com.onesignal:notifications:5.1.26] AndroidManifest.xml:38:22-80
59    <uses-permission android:name="com.huawei.android.launcher.permission.CHANGE_BADGE" />
59-->[com.onesignal:notifications:5.1.26] AndroidManifest.xml:39:5-91
59-->[com.onesignal:notifications:5.1.26] AndroidManifest.xml:39:22-88
60    <uses-permission android:name="com.huawei.android.launcher.permission.READ_SETTINGS" />
60-->[com.onesignal:notifications:5.1.26] AndroidManifest.xml:40:5-92
60-->[com.onesignal:notifications:5.1.26] AndroidManifest.xml:40:22-89
61    <uses-permission android:name="com.huawei.android.launcher.permission.WRITE_SETTINGS" /> <!-- ZUK -->
61-->[com.onesignal:notifications:5.1.26] AndroidManifest.xml:41:5-93
61-->[com.onesignal:notifications:5.1.26] AndroidManifest.xml:41:22-90
62    <uses-permission android:name="android.permission.READ_APP_BADGE" /> <!-- OPPO -->
62-->[com.onesignal:notifications:5.1.26] AndroidManifest.xml:42:5-73
62-->[com.onesignal:notifications:5.1.26] AndroidManifest.xml:42:22-70
63    <uses-permission android:name="com.oppo.launcher.permission.READ_SETTINGS" />
63-->[com.onesignal:notifications:5.1.26] AndroidManifest.xml:43:5-82
63-->[com.onesignal:notifications:5.1.26] AndroidManifest.xml:43:22-79
64    <uses-permission android:name="com.oppo.launcher.permission.WRITE_SETTINGS" /> <!-- EvMe -->
64-->[com.onesignal:notifications:5.1.26] AndroidManifest.xml:44:5-83
64-->[com.onesignal:notifications:5.1.26] AndroidManifest.xml:44:22-80
65    <uses-permission android:name="me.everything.badger.permission.BADGE_COUNT_READ" />
65-->[com.onesignal:notifications:5.1.26] AndroidManifest.xml:45:5-88
65-->[com.onesignal:notifications:5.1.26] AndroidManifest.xml:45:22-85
66    <uses-permission android:name="me.everything.badger.permission.BADGE_COUNT_WRITE" />
66-->[com.onesignal:notifications:5.1.26] AndroidManifest.xml:46:5-89
66-->[com.onesignal:notifications:5.1.26] AndroidManifest.xml:46:22-86
67    <uses-permission android:name="com.google.android.gms.permission.AD_ID" />
67-->[com.google.android.gms:play-services-measurement-api:22.1.2] AndroidManifest.xml:25:5-79
67-->[com.google.android.gms:play-services-measurement-api:22.1.2] AndroidManifest.xml:25:22-76
68    <uses-permission android:name="android.permission.ACCESS_ADSERVICES_ATTRIBUTION" />
68-->[com.google.android.gms:play-services-measurement-api:22.1.2] AndroidManifest.xml:26:5-88
68-->[com.google.android.gms:play-services-measurement-api:22.1.2] AndroidManifest.xml:26:22-85
69    <uses-permission android:name="android.permission.ACCESS_ADSERVICES_AD_ID" />
69-->[com.google.android.gms:play-services-measurement-api:22.1.2] AndroidManifest.xml:27:5-82
69-->[com.google.android.gms:play-services-measurement-api:22.1.2] AndroidManifest.xml:27:22-79
70    <uses-permission android:name="com.google.android.finsky.permission.BIND_GET_INSTALL_REFERRER_SERVICE" />
70-->[com.google.android.gms:play-services-measurement:22.1.2] AndroidManifest.xml:26:5-110
70-->[com.google.android.gms:play-services-measurement:22.1.2] AndroidManifest.xml:26:22-107
71    <uses-permission android:name="android.permission.FOREGROUND_SERVICE" />
71-->[androidx.work:work-runtime:2.8.1] AndroidManifest.xml:26:5-77
71-->[androidx.work:work-runtime:2.8.1] AndroidManifest.xml:26:22-74
72
73    <permission
73-->[androidx.core:core:1.13.1] AndroidManifest.xml:22:5-24:47
74        android:name="com.deals.d2c.DYNAMIC_RECEIVER_NOT_EXPORTED_PERMISSION"
74-->[androidx.core:core:1.13.1] AndroidManifest.xml:23:9-81
75        android:protectionLevel="signature" />
75-->[androidx.core:core:1.13.1] AndroidManifest.xml:24:9-44
76
77    <uses-permission android:name="com.deals.d2c.DYNAMIC_RECEIVER_NOT_EXPORTED_PERMISSION" />
77-->[androidx.core:core:1.13.1] AndroidManifest.xml:26:5-97
77-->[androidx.core:core:1.13.1] AndroidManifest.xml:26:22-94
78
79    <application
80        android:name="android.app.Application"
81        android:appComponentFactory="androidx.core.app.CoreComponentFactory"
81-->[androidx.core:core:1.13.1] AndroidManifest.xml:28:18-86
82        android:debuggable="true"
83        android:extractNativeLibs="true"
84        android:icon="@mipmap/ic_launcher"
85        android:label="d2cdeals" >
86        <activity
87            android:name="com.deals.d2c.MainActivity"
88            android:configChanges="orientation|keyboardHidden|keyboard|screenSize|smallestScreenSize|locale|layoutDirection|fontScale|screenLayout|density|uiMode"
89            android:exported="true"
90            android:hardwareAccelerated="true"
91            android:launchMode="singleTop"
92            android:taskAffinity=""
93            android:theme="@style/LaunchTheme"
94            android:windowSoftInputMode="adjustResize" >
95
96            <!--
97                 Specifies an Android theme to apply to this Activity as soon as
98                 the Android process has started. This theme is visible to the user
99                 while the Flutter UI initializes. After that, this theme continues
100                 to determine the Window background behind the Flutter UI.
101            -->
102            <meta-data
103                android:name="io.flutter.embedding.android.NormalTheme"
104                android:resource="@style/NormalTheme" />
105
106            <intent-filter>
107                <action android:name="android.intent.action.MAIN" />
108
109                <category android:name="android.intent.category.LAUNCHER" />
110            </intent-filter>
111        </activity>
112        <!--
113             Don't delete the meta-data below.
114             This is used by the Flutter tool to generate GeneratedPluginRegistrant.java
115        -->
116        <meta-data
117            android:name="flutterEmbedding"
118            android:value="2" />
119
120        <service
120-->[:cloud_firestore] AndroidManifest.xml:8:9-12:19
121            android:name="com.google.firebase.components.ComponentDiscoveryService"
121-->[:cloud_firestore] AndroidManifest.xml:8:18-89
122            android:directBootAware="true"
122-->[com.google.firebase:firebase-common:21.0.0] AndroidManifest.xml:32:13-43
123            android:exported="false" >
123-->[com.google.firebase:firebase-firestore:25.1.1] AndroidManifest.xml:16:13-37
124            <meta-data
124-->[:cloud_firestore] AndroidManifest.xml:9:13-11:85
125                android:name="com.google.firebase.components:io.flutter.plugins.firebase.firestore.FlutterFirebaseFirestoreRegistrar"
125-->[:cloud_firestore] AndroidManifest.xml:10:17-134
126                android:value="com.google.firebase.components.ComponentRegistrar" />
126-->[:cloud_firestore] AndroidManifest.xml:11:17-82
127            <meta-data
127-->[:firebase_analytics] AndroidManifest.xml:13:13-15:85
128                android:name="com.google.firebase.components:io.flutter.plugins.firebase.analytics.FlutterFirebaseAppRegistrar"
128-->[:firebase_analytics] AndroidManifest.xml:14:17-128
129                android:value="com.google.firebase.components.ComponentRegistrar" />
129-->[:firebase_analytics] AndroidManifest.xml:15:17-82
130            <meta-data
130-->[:firebase_messaging] AndroidManifest.xml:36:13-38:85
131                android:name="com.google.firebase.components:io.flutter.plugins.firebase.messaging.FlutterFirebaseAppRegistrar"
131-->[:firebase_messaging] AndroidManifest.xml:37:17-128
132                android:value="com.google.firebase.components.ComponentRegistrar" />
132-->[:firebase_messaging] AndroidManifest.xml:38:17-82
133            <meta-data
133-->[:firebase_core] AndroidManifest.xml:9:13-11:85
134                android:name="com.google.firebase.components:io.flutter.plugins.firebase.core.FlutterFirebaseCoreRegistrar"
134-->[:firebase_core] AndroidManifest.xml:10:17-124
135                android:value="com.google.firebase.components.ComponentRegistrar" />
135-->[:firebase_core] AndroidManifest.xml:11:17-82
136            <meta-data
136-->[com.google.firebase:firebase-firestore:25.1.1] AndroidManifest.xml:17:13-19:85
137                android:name="com.google.firebase.components:com.google.firebase.firestore.FirebaseFirestoreKtxRegistrar"
137-->[com.google.firebase:firebase-firestore:25.1.1] AndroidManifest.xml:18:17-122
138                android:value="com.google.firebase.components.ComponentRegistrar" />
138-->[com.google.firebase:firebase-firestore:25.1.1] AndroidManifest.xml:19:17-82
139            <meta-data
139-->[com.google.firebase:firebase-firestore:25.1.1] AndroidManifest.xml:20:13-22:85
140                android:name="com.google.firebase.components:com.google.firebase.firestore.FirestoreRegistrar"
140-->[com.google.firebase:firebase-firestore:25.1.1] AndroidManifest.xml:21:17-111
141                android:value="com.google.firebase.components.ComponentRegistrar" />
141-->[com.google.firebase:firebase-firestore:25.1.1] AndroidManifest.xml:22:17-82
142            <meta-data
142-->[com.google.firebase:firebase-messaging:24.1.0] AndroidManifest.xml:57:13-59:85
143                android:name="com.google.firebase.components:com.google.firebase.messaging.FirebaseMessagingKtxRegistrar"
143-->[com.google.firebase:firebase-messaging:24.1.0] AndroidManifest.xml:58:17-122
144                android:value="com.google.firebase.components.ComponentRegistrar" />
144-->[com.google.firebase:firebase-messaging:24.1.0] AndroidManifest.xml:59:17-82
145            <meta-data
145-->[com.google.firebase:firebase-messaging:24.1.0] AndroidManifest.xml:60:13-62:85
146                android:name="com.google.firebase.components:com.google.firebase.messaging.FirebaseMessagingRegistrar"
146-->[com.google.firebase:firebase-messaging:24.1.0] AndroidManifest.xml:61:17-119
147                android:value="com.google.firebase.components.ComponentRegistrar" />
147-->[com.google.firebase:firebase-messaging:24.1.0] AndroidManifest.xml:62:17-82
148            <meta-data
148-->[com.google.android.gms:play-services-measurement-api:22.1.2] AndroidManifest.xml:37:13-39:85
149                android:name="com.google.firebase.components:com.google.firebase.analytics.connector.internal.AnalyticsConnectorRegistrar"
149-->[com.google.android.gms:play-services-measurement-api:22.1.2] AndroidManifest.xml:38:17-139
150                android:value="com.google.firebase.components.ComponentRegistrar" />
150-->[com.google.android.gms:play-services-measurement-api:22.1.2] AndroidManifest.xml:39:17-82
151            <meta-data
151-->[com.google.firebase:firebase-installations:18.0.0] AndroidManifest.xml:15:13-17:85
152                android:name="com.google.firebase.components:com.google.firebase.installations.FirebaseInstallationsKtxRegistrar"
152-->[com.google.firebase:firebase-installations:18.0.0] AndroidManifest.xml:16:17-130
153                android:value="com.google.firebase.components.ComponentRegistrar" />
153-->[com.google.firebase:firebase-installations:18.0.0] AndroidManifest.xml:17:17-82
154            <meta-data
154-->[com.google.firebase:firebase-installations:18.0.0] AndroidManifest.xml:18:13-20:85
155                android:name="com.google.firebase.components:com.google.firebase.installations.FirebaseInstallationsRegistrar"
155-->[com.google.firebase:firebase-installations:18.0.0] AndroidManifest.xml:19:17-127
156                android:value="com.google.firebase.components.ComponentRegistrar" />
156-->[com.google.firebase:firebase-installations:18.0.0] AndroidManifest.xml:20:17-82
157            <meta-data
157-->[com.google.firebase:firebase-common-ktx:21.0.0] AndroidManifest.xml:12:13-14:85
158                android:name="com.google.firebase.components:com.google.firebase.ktx.FirebaseCommonLegacyRegistrar"
158-->[com.google.firebase:firebase-common-ktx:21.0.0] AndroidManifest.xml:13:17-116
159                android:value="com.google.firebase.components.ComponentRegistrar" />
159-->[com.google.firebase:firebase-common-ktx:21.0.0] AndroidManifest.xml:14:17-82
160            <meta-data
160-->[com.google.firebase:firebase-common:21.0.0] AndroidManifest.xml:35:13-37:85
161                android:name="com.google.firebase.components:com.google.firebase.FirebaseCommonKtxRegistrar"
161-->[com.google.firebase:firebase-common:21.0.0] AndroidManifest.xml:36:17-109
162                android:value="com.google.firebase.components.ComponentRegistrar" />
162-->[com.google.firebase:firebase-common:21.0.0] AndroidManifest.xml:37:17-82
163            <meta-data
163-->[com.google.firebase:firebase-datatransport:18.2.0] AndroidManifest.xml:25:13-27:85
164                android:name="com.google.firebase.components:com.google.firebase.datatransport.TransportRegistrar"
164-->[com.google.firebase:firebase-datatransport:18.2.0] AndroidManifest.xml:26:17-115
165                android:value="com.google.firebase.components.ComponentRegistrar" />
165-->[com.google.firebase:firebase-datatransport:18.2.0] AndroidManifest.xml:27:17-82
166        </service>
167        <service
167-->[:firebase_messaging] AndroidManifest.xml:14:9-17:72
168            android:name="io.flutter.plugins.firebase.messaging.FlutterFirebaseMessagingBackgroundService"
168-->[:firebase_messaging] AndroidManifest.xml:15:13-107
169            android:exported="false"
169-->[:firebase_messaging] AndroidManifest.xml:16:13-37
170            android:permission="android.permission.BIND_JOB_SERVICE" />
170-->[:firebase_messaging] AndroidManifest.xml:17:13-69
171        <service
171-->[:firebase_messaging] AndroidManifest.xml:18:9-24:19
172            android:name="io.flutter.plugins.firebase.messaging.FlutterFirebaseMessagingService"
172-->[:firebase_messaging] AndroidManifest.xml:19:13-97
173            android:exported="false" >
173-->[:firebase_messaging] AndroidManifest.xml:20:13-37
174            <intent-filter>
174-->[:firebase_messaging] AndroidManifest.xml:21:13-23:29
175                <action android:name="com.google.firebase.MESSAGING_EVENT" />
175-->[:firebase_messaging] AndroidManifest.xml:22:17-78
175-->[:firebase_messaging] AndroidManifest.xml:22:25-75
176            </intent-filter>
177        </service>
178
179        <receiver
179-->[:firebase_messaging] AndroidManifest.xml:26:9-33:20
180            android:name="io.flutter.plugins.firebase.messaging.FlutterFirebaseMessagingReceiver"
180-->[:firebase_messaging] AndroidManifest.xml:27:13-98
181            android:exported="true"
181-->[:firebase_messaging] AndroidManifest.xml:28:13-36
182            android:permission="com.google.android.c2dm.permission.SEND" >
182-->[:firebase_messaging] AndroidManifest.xml:29:13-73
183            <intent-filter>
183-->[:firebase_messaging] AndroidManifest.xml:30:13-32:29
184                <action android:name="com.google.android.c2dm.intent.RECEIVE" />
184-->[:firebase_messaging] AndroidManifest.xml:31:17-81
184-->[:firebase_messaging] AndroidManifest.xml:31:25-78
185            </intent-filter>
186        </receiver>
187
188        <provider
188-->[:firebase_messaging] AndroidManifest.xml:41:9-45:38
189            android:name="io.flutter.plugins.firebase.messaging.FlutterFirebaseMessagingInitProvider"
189-->[:firebase_messaging] AndroidManifest.xml:42:13-102
190            android:authorities="com.deals.d2c.flutterfirebasemessaginginitprovider"
190-->[:firebase_messaging] AndroidManifest.xml:43:13-88
191            android:exported="false"
191-->[:firebase_messaging] AndroidManifest.xml:44:13-37
192            android:initOrder="99" />
192-->[:firebase_messaging] AndroidManifest.xml:45:13-35
193        <!--
194           Declares a provider which allows us to store files to share in
195           '.../caches/share_plus' and grant the receiving action access
196        -->
197        <provider
197-->[:share_plus] AndroidManifest.xml:13:9-21:20
198            android:name="dev.fluttercommunity.plus.share.ShareFileProvider"
198-->[:share_plus] AndroidManifest.xml:14:13-77
199            android:authorities="com.deals.d2c.flutter.share_provider"
199-->[:share_plus] AndroidManifest.xml:15:13-74
200            android:exported="false"
200-->[:share_plus] AndroidManifest.xml:16:13-37
201            android:grantUriPermissions="true" >
201-->[:share_plus] AndroidManifest.xml:17:13-47
202            <meta-data
202-->[:share_plus] AndroidManifest.xml:18:13-20:68
203                android:name="android.support.FILE_PROVIDER_PATHS"
203-->[:share_plus] AndroidManifest.xml:19:17-67
204                android:resource="@xml/flutter_share_file_paths" />
204-->[:share_plus] AndroidManifest.xml:20:17-65
205        </provider>
206        <!--
207           This manifest declared broadcast receiver allows us to use an explicit
208           Intent when creating a PendingItent to be informed of the user's choice
209        -->
210        <receiver
210-->[:share_plus] AndroidManifest.xml:26:9-32:20
211            android:name="dev.fluttercommunity.plus.share.SharePlusPendingIntent"
211-->[:share_plus] AndroidManifest.xml:27:13-82
212            android:exported="false" >
212-->[:share_plus] AndroidManifest.xml:28:13-37
213            <intent-filter>
213-->[:share_plus] AndroidManifest.xml:29:13-31:29
214                <action android:name="EXTRA_CHOSEN_COMPONENT" />
214-->[:share_plus] AndroidManifest.xml:30:17-65
214-->[:share_plus] AndroidManifest.xml:30:25-62
215            </intent-filter>
216        </receiver>
217
218        <activity
218-->[:url_launcher_android] AndroidManifest.xml:8:9-11:74
219            android:name="io.flutter.plugins.urllauncher.WebViewActivity"
219-->[:url_launcher_android] AndroidManifest.xml:9:13-74
220            android:exported="false"
220-->[:url_launcher_android] AndroidManifest.xml:10:13-37
221            android:theme="@android:style/Theme.NoTitleBar.Fullscreen" />
221-->[:url_launcher_android] AndroidManifest.xml:11:13-71
222
223        <receiver
223-->[com.onesignal:notifications:5.1.26] AndroidManifest.xml:49:9-60:20
224            android:name="com.onesignal.notifications.receivers.FCMBroadcastReceiver"
224-->[com.onesignal:notifications:5.1.26] AndroidManifest.xml:50:13-86
225            android:exported="true"
225-->[com.onesignal:notifications:5.1.26] AndroidManifest.xml:51:13-36
226            android:permission="com.google.android.c2dm.permission.SEND" >
226-->[com.onesignal:notifications:5.1.26] AndroidManifest.xml:52:13-73
227
228            <!-- High priority so OneSignal payloads can be filtered from other FCM receivers -->
229            <intent-filter android:priority="999" >
229-->[com.onesignal:notifications:5.1.26] AndroidManifest.xml:55:13-59:29
229-->[com.onesignal:notifications:5.1.26] AndroidManifest.xml:55:28-50
230                <action android:name="com.google.android.c2dm.intent.RECEIVE" />
230-->[:firebase_messaging] AndroidManifest.xml:31:17-81
230-->[:firebase_messaging] AndroidManifest.xml:31:25-78
231
232                <category android:name="com.deals.d2c" />
232-->[com.onesignal:notifications:5.1.26] AndroidManifest.xml:58:17-61
232-->[com.onesignal:notifications:5.1.26] AndroidManifest.xml:58:27-58
233            </intent-filter>
234        </receiver>
235
236        <service
236-->[com.onesignal:notifications:5.1.26] AndroidManifest.xml:62:9-68:19
237            android:name="com.onesignal.notifications.services.HmsMessageServiceOneSignal"
237-->[com.onesignal:notifications:5.1.26] AndroidManifest.xml:63:13-91
238            android:exported="false" >
238-->[com.onesignal:notifications:5.1.26] AndroidManifest.xml:64:13-37
239            <intent-filter>
239-->[com.onesignal:notifications:5.1.26] AndroidManifest.xml:65:13-67:29
240                <action android:name="com.huawei.push.action.MESSAGING_EVENT" />
240-->[com.onesignal:notifications:5.1.26] AndroidManifest.xml:66:17-81
240-->[com.onesignal:notifications:5.1.26] AndroidManifest.xml:66:25-78
241            </intent-filter>
242        </service>
243
244        <activity
244-->[com.onesignal:notifications:5.1.26] AndroidManifest.xml:70:9-78:20
245            android:name="com.onesignal.notifications.activities.NotificationOpenedActivityHMS"
245-->[com.onesignal:notifications:5.1.26] AndroidManifest.xml:71:13-96
246            android:exported="true"
246-->[com.onesignal:notifications:5.1.26] AndroidManifest.xml:72:13-36
247            android:noHistory="true"
247-->[com.onesignal:notifications:5.1.26] AndroidManifest.xml:73:13-37
248            android:theme="@android:style/Theme.Translucent.NoTitleBar" >
248-->[com.onesignal:notifications:5.1.26] AndroidManifest.xml:74:13-72
249            <intent-filter>
249-->[com.onesignal:notifications:5.1.26] AndroidManifest.xml:75:13-77:29
250                <action android:name="android.intent.action.VIEW" />
250-->[com.onesignal:notifications:5.1.26] AndroidManifest.xml:76:17-69
250-->[com.onesignal:notifications:5.1.26] AndroidManifest.xml:76:25-66
251            </intent-filter>
252        </activity>
253
254        <receiver
254-->[com.onesignal:notifications:5.1.26] AndroidManifest.xml:80:9-82:39
255            android:name="com.onesignal.notifications.receivers.NotificationDismissReceiver"
255-->[com.onesignal:notifications:5.1.26] AndroidManifest.xml:81:13-93
256            android:exported="true" />
256-->[com.onesignal:notifications:5.1.26] AndroidManifest.xml:82:13-36
257        <receiver
257-->[com.onesignal:notifications:5.1.26] AndroidManifest.xml:83:9-90:20
258            android:name="com.onesignal.notifications.receivers.BootUpReceiver"
258-->[com.onesignal:notifications:5.1.26] AndroidManifest.xml:84:13-80
259            android:exported="true" >
259-->[com.onesignal:notifications:5.1.26] AndroidManifest.xml:85:13-36
260            <intent-filter>
260-->[com.onesignal:notifications:5.1.26] AndroidManifest.xml:86:13-89:29
261                <action android:name="android.intent.action.BOOT_COMPLETED" />
261-->[com.onesignal:notifications:5.1.26] AndroidManifest.xml:87:17-79
261-->[com.onesignal:notifications:5.1.26] AndroidManifest.xml:87:25-76
262                <action android:name="android.intent.action.QUICKBOOT_POWERON" />
262-->[com.onesignal:notifications:5.1.26] AndroidManifest.xml:88:17-82
262-->[com.onesignal:notifications:5.1.26] AndroidManifest.xml:88:25-79
263            </intent-filter>
264        </receiver>
265        <receiver
265-->[com.onesignal:notifications:5.1.26] AndroidManifest.xml:91:9-97:20
266            android:name="com.onesignal.notifications.receivers.UpgradeReceiver"
266-->[com.onesignal:notifications:5.1.26] AndroidManifest.xml:92:13-81
267            android:exported="true" >
267-->[com.onesignal:notifications:5.1.26] AndroidManifest.xml:93:13-36
268            <intent-filter>
268-->[com.onesignal:notifications:5.1.26] AndroidManifest.xml:94:13-96:29
269                <action android:name="android.intent.action.MY_PACKAGE_REPLACED" />
269-->[com.onesignal:notifications:5.1.26] AndroidManifest.xml:95:17-84
269-->[com.onesignal:notifications:5.1.26] AndroidManifest.xml:95:25-81
270            </intent-filter>
271        </receiver>
272
273        <activity
273-->[com.onesignal:notifications:5.1.26] AndroidManifest.xml:99:9-105:75
274            android:name="com.onesignal.notifications.activities.NotificationOpenedActivity"
274-->[com.onesignal:notifications:5.1.26] AndroidManifest.xml:100:13-93
275            android:excludeFromRecents="true"
275-->[com.onesignal:notifications:5.1.26] AndroidManifest.xml:101:13-46
276            android:exported="true"
276-->[com.onesignal:notifications:5.1.26] AndroidManifest.xml:102:13-36
277            android:noHistory="true"
277-->[com.onesignal:notifications:5.1.26] AndroidManifest.xml:103:13-37
278            android:taskAffinity=""
278-->[com.onesignal:notifications:5.1.26] AndroidManifest.xml:104:13-36
279            android:theme="@android:style/Theme.Translucent.NoTitleBar" />
279-->[com.onesignal:notifications:5.1.26] AndroidManifest.xml:105:13-72
280        <activity
280-->[com.onesignal:notifications:5.1.26] AndroidManifest.xml:106:9-111:75
281            android:name="com.onesignal.notifications.activities.NotificationOpenedActivityAndroid22AndOlder"
281-->[com.onesignal:notifications:5.1.26] AndroidManifest.xml:107:13-110
282            android:excludeFromRecents="true"